<?xml version="1.0" encoding="UTF-8"?>
<testng-results ignored="0" total="1" passed="1" failed="0" skipped="0">
  <reporter-output>
  </reporter-output>
  <suite started-at="2022-08-05T13:47:02 IST" name="Default suite" finished-at="2022-08-05T13:47:37 IST" duration-ms="35106">
    <groups>
    </groups>
    <test started-at="2022-08-05T13:47:02 IST" name="Default test" finished-at="2022-08-05T13:47:37 IST" duration-ms="35106">
      <class name="frameworkpractice.seleniumframework.homePage">
        <test-method signature="basepagenavigation()[pri:0, instance:frameworkpractice.seleniumframework.homePage@16293aa2]" started-at="2022-08-05T13:47:02 IST" name="basepagenavigation" finished-at="2022-08-05T13:47:37 IST" duration-ms="35008" status="PASS">
          <reporter-output>
          </reporter-output>
        </test-method> <!-- basepagenavigation -->
      </class> <!-- frameworkpractice.seleniumframework.homePage -->
    </test> <!-- Default test -->
  </suite> <!-- Default suite -->
</testng-results>
